# JRE version: Java(TM) SE Runtime Environment (8.0_05-b13) (build 1.8.0_05-b13)
# Java VM: Java HotSpot(TM) 64-Bit Server VM (25.5-b02 mixed mode windows-amd64 compressed oops)
Heap:
 PSYoungGen      total 80384K, used 58907K [0x00000000eab00000, 0x00000000f2180000, 0x0000000100000000)
  eden space 42496K, 92% used [0x00000000eab00000,0x00000000ed136b60,0x00000000ed480000)
  from space 37888K, 52% used [0x00000000efc80000,0x00000000f0fd03f8,0x00000000f2180000)
  to   space 39424K, 0% used [0x00000000ed480000,0x00000000ed480000,0x00000000efb00000)
 ParOldGen       total 68096K, used 52583K [0x00000000c0000000, 0x00000000c4280000, 0x00000000eab00000)
  object space 68096K, 77% used [0x00000000c0000000,0x00000000c3359d88,0x00000000c4280000)
 Metaspace       used 50595K, capacity 53242K, committed 53504K, reserved 1095680K
  class space    used 6985K, capacity 7873K, committed 7936K, reserved 1048576K
GC Heap History (10 events):
Event: 73.609 GC heap before
{Heap before GC invocations=67 (full 8):
 PSYoungGen      total 68096K, used 66143K [0x00000000eab00000, 0x00000000f0f00000, 0x0000000100000000)
  eden space 42496K, 100% used [0x00000000eab00000,0x00000000ed480000,0x00000000ed480000)
  from space 25600K, 92% used [0x00000000ef080000,0x00000000f0797ee8,0x00000000f0980000)
  to   space 28672K, 0% used [0x00000000ed480000,0x00000000ed480000,0x00000000ef080000)
 ParOldGen       total 52736K, used 40457K [0x00000000c0000000, 0x00000000c3380000, 0x00000000eab00000)
  object space 52736K, 76% used [0x00000000c0000000,0x00000000c2782708,0x00000000c3380000)
 Metaspace       used 48890K, capacity 51428K, committed 51584K, reserved 1093632K
  class space    used 6846K, capacity 7711K, committed 7808K, reserved 1048576K
Event: 73.640 GC heap after
Heap after GC invocations=67 (full 8):
 PSYoungGen      total 71168K, used 28640K [0x00000000eab00000, 0x00000000f1d00000, 0x0000000100000000)
  eden space 42496K, 0% used [0x00000000eab00000,0x00000000eab00000,0x00000000ed480000)
  from space 28672K, 99% used [0x00000000ed480000,0x00000000ef078398,0x00000000ef080000)
  to   space 35840K, 0% used [0x00000000efa00000,0x00000000efa00000,0x00000000f1d00000)
 ParOldGen       total 52736K, used 47358K [0x00000000c0000000, 0x00000000c3380000, 0x00000000eab00000)
  object space 52736K, 89% used [0x00000000c0000000,0x00000000c2e3fb30,0x00000000c3380000)
 Metaspace       used 48890K, capacity 51428K, committed 51584K, reserved 1093632K
  class space    used 6846K, capacity 7711K, committed 7808K, reserved 1048576K
}
Event: 75.257 GC heap before
{Heap before GC invocations=68 (full 8):
 PSYoungGen      total 71168K, used 71136K [0x00000000eab00000, 0x00000000f1d00000, 0x0000000100000000)
  eden space 42496K, 100% used [0x00000000eab00000,0x00000000ed480000,0x00000000ed480000)
  from space 28672K, 99% used [0x00000000ed480000,0x00000000ef078398,0x00000000ef080000)
  to   space 35840K, 0% used [0x00000000efa00000,0x00000000efa00000,0x00000000f1d00000)
 ParOldGen       total 52736K, used 47358K [0x00000000c0000000, 0x00000000c3380000, 0x00000000eab00000)
  object space 52736K, 89% used [0x00000000c0000000,0x00000000c2e3fb30,0x00000000c3380000)
 Metaspace       used 50171K, capacity 52676K, committed 52864K, reserved 1093632K
  class space    used 6944K, capacity 7807K, committed 7808K, reserved 1048576K
Event: 75.327 GC heap after
Heap after GC invocations=68 (full 8):
 PSYoungGen      total 75776K, used 34162K [0x00000000eab00000, 0x00000000f2780000, 0x0000000100000000)
  eden space 39936K, 0% used [0x00000000eab00000,0x00000000eab00000,0x00000000ed200000)
  from space 35840K, 95% used [0x00000000efa00000,0x00000000f1b5c9e8,0x00000000f1d00000)
  to   space 40960K, 0% used [0x00000000ed200000,0x00000000ed200000,0x00000000efa00000)
 ParOldGen       total 52736K, used 49010K [0x00000000c0000000, 0x00000000c3380000, 0x00000000eab00000)
  object space 52736K, 92% used [0x00000000c0000000,0x00000000c2fdcb50,0x00000000c3380000)
 Metaspace       used 50171K, capacity 52676K, committed 52864K, reserved 1093632K
  class space    used 6944K, capacity 7807K, committed 7808K, reserved 1048576K
}
Event: 75.327 GC heap before
{Heap before GC invocations=69 (full 9):
 PSYoungGen      total 75776K, used 34162K [0x00000000eab00000, 0x00000000f2780000, 0x0000000100000000)
  eden space 39936K, 0% used [0x00000000eab00000,0x00000000eab00000,0x00000000ed200000)
  from space 35840K, 95% used [0x00000000efa00000,0x00000000f1b5c9e8,0x00000000f1d00000)
  to   space 40960K, 0% used [0x00000000ed200000,0x00000000ed200000,0x00000000efa00000)
 ParOldGen       total 52736K, used 49010K [0x00000000c0000000, 0x00000000c3380000, 0x00000000eab00000)
  object space 52736K, 92% used [0x00000000c0000000,0x00000000c2fdcb50,0x00000000c3380000)
 Metaspace       used 50171K, capacity 52676K, committed 52864K, reserved 1093632K
  class space    used 6944K, capacity 7807K, committed 7808K, reserved 1048576K
Event: 76.082 GC heap after
Heap after GC invocations=69 (full 9):
 PSYoungGen      total 75776K, used 27261K [0x00000000eab00000, 0x00000000f2780000, 0x0000000100000000)
  eden space 39936K, 0% used [0x00000000eab00000,0x00000000eab00000,0x00000000ed200000)
  from space 35840K, 76% used [0x00000000efa00000,0x00000000f149f6f8,0x00000000f1d00000)
  to   space 40960K, 0% used [0x00000000ed200000,0x00000000ed200000,0x00000000efa00000)
 ParOldGen       total 68096K, used 52567K [0x00000000c0000000, 0x00000000c4280000, 0x00000000eab00000)
  object space 68096K, 77% used [0x00000000c0000000,0x00000000c3355d88,0x00000000c4280000)
 Metaspace       used 50171K, capacity 52676K, committed 52864K, reserved 1093632K
  class space    used 6944K, capacity 7807K, committed 7808K, reserved 1048576K
}
Event: 1878.658 GC heap before
{Heap before GC invocations=70 (full 9):
 PSYoungGen      total 75776K, used 67197K [0x00000000eab00000, 0x00000000f2780000, 0x0000000100000000)
  eden space 39936K, 100% used [0x00000000eab00000,0x00000000ed200000,0x00000000ed200000)
  from space 35840K, 76% used [0x00000000efa00000,0x00000000f149f6f8,0x00000000f1d00000)
  to   space 40960K, 0% used [0x00000000ed200000,0x00000000ed200000,0x00000000efa00000)
 ParOldGen       total 68096K, used 52567K [0x00000000c0000000, 0x00000000c4280000, 0x00000000eab00000)
  object space 68096K, 77% used [0x00000000c0000000,0x00000000c3355d88,0x00000000c4280000)
 Metaspace       used 50455K, capacity 53094K, committed 53248K, reserved 1095680K
  class space    used 6977K, capacity 7859K, committed 7936K, reserved 1048576K
Event: 1878.818 GC heap after
Heap after GC invocations=70 (full 9):
 PSYoungGen      total 80896K, used 23148K [0x00000000eab00000, 0x00000000f2480000, 0x0000000100000000)
  eden space 39936K, 0% used [0x00000000eab00000,0x00000000eab00000,0x00000000ed200000)
  from space 40960K, 56% used [0x00000000ed200000,0x00000000ee89b068,0x00000000efa00000)
  to   space 40960K, 0% used [0x00000000efc80000,0x00000000efc80000,0x00000000f2480000)
 ParOldGen       total 68096K, used 52575K [0x00000000c0000000, 0x00000000c4280000, 0x00000000eab00000)
  object space 68096K, 77% used [0x00000000c0000000,0x00000000c3357d88,0x00000000c4280000)
 Metaspace       used 50455K, capacity 53094K, committed 53248K, reserved 1095680K
  class space    used 6977K, capacity 7859K, committed 7936K, reserved 1048576K
}
Event: 1881.946 GC heap before
{Heap before GC invocations=71 (full 9):
 PSYoungGen      total 80896K, used 63081K [0x00000000eab00000, 0x00000000f2480000, 0x0000000100000000)
  eden space 39936K, 99% used [0x00000000eab00000,0x00000000ed1ff528,0x00000000ed200000)
  from space 40960K, 56% used [0x00000000ed200000,0x00000000ee89b068,0x00000000efa00000)
  to   space 40960K, 0% used [0x00000000efc80000,0x00000000efc80000,0x00000000f2480000)
 ParOldGen       total 68096K, used 52575K [0x00000000c0000000, 0x00000000c4280000, 0x00000000eab00000)
  object space 68096K, 77% used [0x00000000c0000000,0x00000000c3357d88,0x00000000c4280000)
 Metaspace       used 50571K, capacity 53236K, committed 53504K, reserved 1095680K
  class space    used 6984K, capacity 7872K, committed 7936K, reserved 1048576K
Event: 1881.973 GC heap after
Heap after GC invocations=71 (full 9):
 PSYoungGen      total 80384K, used 19776K [0x00000000eab00000, 0x00000000f2180000, 0x0000000100000000)
  eden space 42496K, 0% used [0x00000000eab00000,0x00000000eab00000,0x00000000ed480000)
  from space 37888K, 52% used [0x00000000efc80000,0x00000000f0fd03f8,0x00000000f2180000)
  to   space 39424K, 0% used [0x00000000ed480000,0x00000000ed480000,0x00000000efb00000)
 ParOldGen       total 68096K, used 52583K [0x00000000c0000000, 0x00000000c4280000, 0x00000000eab00000)
  object space 68096K, 77% used [0x00000000c0000000,0x00000000c3359d88,0x00000000c4280000)
 Metaspace       used 50571K, capacity 53236K, committed 53504K, reserved 1095680K
  class space    used 6984K, capacity 7872K, committed 7936K, reserved 1048576K
}

